<?xml version="1.0" encoding="UTF-8"?>
<!-- Generated by org.testng.reporters.JUnitXMLReporter -->
<testsuite hostname="DESKTOP-B2220QC" ignored="0" name="Test" tests="4" failures="0" timestamp="2022-05-20T09:32:14 IST" time="0.4" errors="0">
  <testcase name="testA" time="0.031" classname="tests.TestClass"/>
  <testcase name="testB" time="0.012" classname="tests.TestClass"/>
  <testcase name="testA" time="0.006" classname="tests.TestClass2"/>
  <testcase name="testB" time="0.007" classname="tests.TestClass2"/>
</testsuite> <!-- Test -->
