<?xml version="1.0" encoding="UTF-8"?>
<testng-results skipped="0" failed="2" ignored="0" total="8" passed="6">
  <reporter-output>
  </reporter-output>
  <suite name="Suite-FlipKart" duration-ms="105711" started-at="2022-05-23T09:19:21 IST" finished-at="2022-05-23T09:21:07 IST">
    <groups>
    </groups>
    <test name="ChromeBrowser" duration-ms="50364" started-at="2022-05-23T09:19:21 IST" finished-at="2022-05-23T09:20:12 IST">
      <class name="tests.VerifytheApplicationHeader">
        <test-method status="PASS" signature="launchBrowser(java.lang.String)[pri:0, instance:tests.VerifytheApplicationHeader@5f282abb]" name="launchBrowser" is-config="true" duration-ms="3164" started-at="2022-05-23T09:19:27 IST" finished-at="2022-05-23T09:19:31 IST">
          <params>
            <param index="0">
              <value>
                <![CDATA[ChromeBrowser]]>
              </value>
            </param>
          </params>
          <reporter-output>
          </reporter-output>
        </test-method> <!-- launchBrowser -->
        <test-method status="PASS" signature="launchBrowser()[pri:0, instance:tests.VerifytheApplicationHeader@5f282abb]" name="launchBrowser" is-config="true" duration-ms="166" started-at="2022-05-23T09:19:31 IST" finished-at="2022-05-23T09:19:31 IST">
          <reporter-output>
          </reporter-output>
        </test-method> <!-- launchBrowser -->
        <test-method status="PASS" signature="loginToApplication()[pri:0, instance:tests.VerifytheApplicationHeader@5f282abb]" name="loginToApplication" is-config="true" duration-ms="2174" started-at="2022-05-23T09:19:31 IST" finished-at="2022-05-23T09:19:33 IST">
          <reporter-output>
          </reporter-output>
        </test-method> <!-- loginToApplication -->
        <test-method status="PASS" signature="verifyReportTab()[pri:0, instance:tests.VerifytheApplicationHeader@5f282abb]" name="verifyReportTab" duration-ms="3784" started-at="2022-05-23T09:19:33 IST" finished-at="2022-05-23T09:19:37 IST">
          <reporter-output>
          </reporter-output>
        </test-method> <!-- verifyReportTab -->
        <test-method status="PASS" signature="logoutFromApplication()[pri:0, instance:tests.VerifytheApplicationHeader@5f282abb]" name="logoutFromApplication" is-config="true" duration-ms="1755" started-at="2022-05-23T09:19:37 IST" finished-at="2022-05-23T09:19:39 IST">
          <reporter-output>
          </reporter-output>
        </test-method> <!-- logoutFromApplication -->
        <test-method status="PASS" signature="loginToApplication()[pri:0, instance:tests.VerifytheApplicationHeader@5f282abb]" name="loginToApplication" is-config="true" duration-ms="1142" started-at="2022-05-23T09:19:39 IST" finished-at="2022-05-23T09:19:40 IST">
          <reporter-output>
          </reporter-output>
        </test-method> <!-- loginToApplication -->
        <test-method status="PASS" signature="verifyTaskTab()[pri:0, instance:tests.VerifytheApplicationHeader@5f282abb]" name="verifyTaskTab" duration-ms="4476" started-at="2022-05-23T09:19:40 IST" finished-at="2022-05-23T09:19:44 IST">
          <reporter-output>
          </reporter-output>
        </test-method> <!-- verifyTaskTab -->
        <test-method status="PASS" signature="logoutFromApplication()[pri:0, instance:tests.VerifytheApplicationHeader@5f282abb]" name="logoutFromApplication" is-config="true" duration-ms="761" started-at="2022-05-23T09:19:44 IST" finished-at="2022-05-23T09:19:45 IST">
          <reporter-output>
          </reporter-output>
        </test-method> <!-- logoutFromApplication -->
        <test-method status="PASS" signature="clearPOMObjects()[pri:0, instance:tests.VerifytheApplicationHeader@5f282abb]" name="clearPOMObjects" is-config="true" duration-ms="1" started-at="2022-05-23T09:19:45 IST" finished-at="2022-05-23T09:19:45 IST">
          <reporter-output>
          </reporter-output>
        </test-method> <!-- clearPOMObjects -->
        <test-method status="PASS" signature="closedBrowser()[pri:0, instance:tests.VerifytheApplicationHeader@5f282abb]" name="closedBrowser" is-config="true" duration-ms="5079" started-at="2022-05-23T09:20:07 IST" finished-at="2022-05-23T09:20:12 IST">
          <reporter-output>
          </reporter-output>
        </test-method> <!-- closedBrowser -->
      </class> <!-- tests.VerifytheApplicationHeader -->
      <class name="tests.TestClass2">
        <test-method status="PASS" signature="launchBrowser(java.lang.String)[pri:0, instance:tests.TestClass2@167fdd33]" name="launchBrowser" is-config="true" duration-ms="6111" started-at="2022-05-23T09:19:21 IST" finished-at="2022-05-23T09:19:27 IST">
          <params>
            <param index="0">
              <value>
                <![CDATA[ChromeBrowser]]>
              </value>
            </param>
          </params>
          <reporter-output>
          </reporter-output>
        </test-method> <!-- launchBrowser -->
        <test-method status="PASS" signature="launchBrowser()[pri:0, instance:tests.TestClass2@167fdd33]" name="launchBrowser" is-config="true" duration-ms="3" started-at="2022-05-23T09:19:45 IST" finished-at="2022-05-23T09:19:45 IST">
          <reporter-output>
          </reporter-output>
        </test-method> <!-- launchBrowser -->
        <test-method status="PASS" signature="loginToApplication()[pri:0, instance:tests.TestClass2@167fdd33]" name="loginToApplication" is-config="true" duration-ms="1953" started-at="2022-05-23T09:19:45 IST" finished-at="2022-05-23T09:19:47 IST">
          <reporter-output>
          </reporter-output>
        </test-method> <!-- loginToApplication -->
        <test-method status="PASS" signature="verifyReportTab()[pri:0, instance:tests.TestClass2@167fdd33]" name="verifyReportTab" duration-ms="3914" started-at="2022-05-23T09:19:47 IST" finished-at="2022-05-23T09:19:51 IST">
          <reporter-output>
          </reporter-output>
        </test-method> <!-- verifyReportTab -->
        <test-method status="PASS" signature="logoutFromApplication()[pri:0, instance:tests.TestClass2@167fdd33]" name="logoutFromApplication" is-config="true" duration-ms="1519" started-at="2022-05-23T09:19:51 IST" finished-at="2022-05-23T09:19:52 IST">
          <reporter-output>
          </reporter-output>
        </test-method> <!-- logoutFromApplication -->
        <test-method status="PASS" signature="loginToApplication()[pri:0, instance:tests.TestClass2@167fdd33]" name="loginToApplication" is-config="true" duration-ms="1161" started-at="2022-05-23T09:19:52 IST" finished-at="2022-05-23T09:19:53 IST">
          <reporter-output>
          </reporter-output>
        </test-method> <!-- loginToApplication -->
        <test-method status="FAIL" signature="verifyTaskTab()[pri:0, instance:tests.TestClass2@167fdd33]" name="verifyTaskTab" duration-ms="6088" started-at="2022-05-23T09:19:53 IST" finished-at="2022-05-23T09:20:00 IST">
          <exception class="org.junit.ComparisonFailure">
            <message>
              <![CDATA[http://desktop-b2220qc/tasks/otasklist.do expected:<[http://desktop-b2220qc/tasks/otasklist.do]> but was:<[task link is not working]>]]>
            </message>
            <full-stacktrace>
              <![CDATA[org.junit.ComparisonFailure: http://desktop-b2220qc/tasks/otasklist.do expected:<[http://desktop-b2220qc/tasks/otasklist.do]> but was:<[task link is not working]>
at org.junit.Assert.assertEquals(Assert.java:115)
at tests.TestClass2.verifyTaskTab(TestClass2.java:78)
at sun.reflect.NativeMethodAccessorImpl.invoke0(Native Method)
at sun.reflect.NativeMethodAccessorImpl.invoke(Unknown Source)
at sun.reflect.DelegatingMethodAccessorImpl.invoke(Unknown Source)
at java.lang.reflect.Method.invoke(Unknown Source)
at org.testng.internal.MethodInvocationHelper.invokeMethod(MethodInvocationHelper.java:132)
at org.testng.internal.TestInvoker.invokeMethod(TestInvoker.java:599)
at org.testng.internal.TestInvoker.invokeTestMethod(TestInvoker.java:174)
at org.testng.internal.MethodRunner.runInSequence(MethodRunner.java:46)
at org.testng.internal.TestInvoker$MethodInvocationAgent.invoke(TestInvoker.java:822)
at org.testng.internal.TestInvoker.invokeTestMethods(TestInvoker.java:147)
at org.testng.internal.TestMethodWorker.invokeTestMethods(TestMethodWorker.java:146)
at org.testng.internal.TestMethodWorker.run(TestMethodWorker.java:128)
at java.util.ArrayList.forEach(Unknown Source)
at org.testng.TestRunner.privateRun(TestRunner.java:764)
at org.testng.TestRunner.run(TestRunner.java:585)
at org.testng.SuiteRunner.runTest(SuiteRunner.java:384)
at org.testng.SuiteRunner.runSequentially(SuiteRunner.java:378)
at org.testng.SuiteRunner.privateRun(SuiteRunner.java:337)
at org.testng.SuiteRunner.run(SuiteRunner.java:286)
at org.testng.SuiteRunnerWorker.runSuite(SuiteRunnerWorker.java:53)
at org.testng.SuiteRunnerWorker.run(SuiteRunnerWorker.java:96)
at org.testng.TestNG.runSuitesSequentially(TestNG.java:1218)
at org.testng.TestNG.runSuitesLocally(TestNG.java:1140)
at org.testng.TestNG.runSuites(TestNG.java:1069)
at org.testng.TestNG.run(TestNG.java:1037)
at org.testng.remote.AbstractRemoteTestNG.run(AbstractRemoteTestNG.java:115)
at org.testng.remote.RemoteTestNG.initAndRun(RemoteTestNG.java:251)
at org.testng.remote.RemoteTestNG.main(RemoteTestNG.java:77)
]]>
            </full-stacktrace>
          </exception> <!-- org.junit.ComparisonFailure -->
          <reporter-output>
          </reporter-output>
        </test-method> <!-- verifyTaskTab -->
        <test-method status="PASS" signature="logoutFromApplication()[pri:0, instance:tests.TestClass2@167fdd33]" name="logoutFromApplication" is-config="true" duration-ms="1873" started-at="2022-05-23T09:20:00 IST" finished-at="2022-05-23T09:20:01 IST">
          <reporter-output>
          </reporter-output>
        </test-method> <!-- logoutFromApplication -->
        <test-method status="PASS" signature="clearPOMObjects()[pri:0, instance:tests.TestClass2@167fdd33]" name="clearPOMObjects" is-config="true" duration-ms="1" started-at="2022-05-23T09:20:01 IST" finished-at="2022-05-23T09:20:01 IST">
          <reporter-output>
          </reporter-output>
        </test-method> <!-- clearPOMObjects -->
        <test-method status="PASS" signature="closedBrowser()[pri:0, instance:tests.TestClass2@167fdd33]" name="closedBrowser" is-config="true" duration-ms="5081" started-at="2022-05-23T09:20:01 IST" finished-at="2022-05-23T09:20:07 IST">
          <reporter-output>
          </reporter-output>
        </test-method> <!-- closedBrowser -->
      </class> <!-- tests.TestClass2 -->
    </test> <!-- ChromeBrowser -->
    <test name="FirefoxBrowser" duration-ms="55257" started-at="2022-05-23T09:20:12 IST" finished-at="2022-05-23T09:21:07 IST">
      <class name="tests.VerifytheApplicationHeader">
        <test-method status="PASS" signature="launchBrowser(java.lang.String)[pri:0, instance:tests.VerifytheApplicationHeader@17d677df]" name="launchBrowser" is-config="true" duration-ms="9489" started-at="2022-05-23T09:20:22 IST" finished-at="2022-05-23T09:20:32 IST">
          <params>
            <param index="0">
              <value>
                <![CDATA[FirefoxBrowser]]>
              </value>
            </param>
          </params>
          <reporter-output>
          </reporter-output>
        </test-method> <!-- launchBrowser -->
        <test-method status="PASS" signature="launchBrowser()[pri:0, instance:tests.VerifytheApplicationHeader@17d677df]" name="launchBrowser" is-config="true" duration-ms="1" started-at="2022-05-23T09:20:32 IST" finished-at="2022-05-23T09:20:32 IST">
          <reporter-output>
          </reporter-output>
        </test-method> <!-- launchBrowser -->
        <test-method status="PASS" signature="loginToApplication()[pri:0, instance:tests.VerifytheApplicationHeader@17d677df]" name="loginToApplication" is-config="true" duration-ms="4169" started-at="2022-05-23T09:20:32 IST" finished-at="2022-05-23T09:20:36 IST">
          <reporter-output>
          </reporter-output>
        </test-method> <!-- loginToApplication -->
        <test-method status="PASS" signature="verifyReportTab()[pri:0, instance:tests.VerifytheApplicationHeader@17d677df]" name="verifyReportTab" duration-ms="1364" started-at="2022-05-23T09:20:36 IST" finished-at="2022-05-23T09:20:37 IST">
          <reporter-output>
          </reporter-output>
        </test-method> <!-- verifyReportTab -->
        <test-method status="PASS" signature="logoutFromApplication()[pri:0, instance:tests.VerifytheApplicationHeader@17d677df]" name="logoutFromApplication" is-config="true" duration-ms="340" started-at="2022-05-23T09:20:37 IST" finished-at="2022-05-23T09:20:37 IST">
          <reporter-output>
          </reporter-output>
        </test-method> <!-- logoutFromApplication -->
        <test-method status="PASS" signature="loginToApplication()[pri:0, instance:tests.VerifytheApplicationHeader@17d677df]" name="loginToApplication" is-config="true" duration-ms="3941" started-at="2022-05-23T09:20:37 IST" finished-at="2022-05-23T09:20:41 IST">
          <reporter-output>
          </reporter-output>
        </test-method> <!-- loginToApplication -->
        <test-method status="PASS" signature="verifyTaskTab()[pri:0, instance:tests.VerifytheApplicationHeader@17d677df]" name="verifyTaskTab" duration-ms="2293" started-at="2022-05-23T09:20:41 IST" finished-at="2022-05-23T09:20:44 IST">
          <reporter-output>
          </reporter-output>
        </test-method> <!-- verifyTaskTab -->
        <test-method status="PASS" signature="logoutFromApplication()[pri:0, instance:tests.VerifytheApplicationHeader@17d677df]" name="logoutFromApplication" is-config="true" duration-ms="691" started-at="2022-05-23T09:20:44 IST" finished-at="2022-05-23T09:20:44 IST">
          <reporter-output>
          </reporter-output>
        </test-method> <!-- logoutFromApplication -->
        <test-method status="PASS" signature="clearPOMObjects()[pri:0, instance:tests.VerifytheApplicationHeader@17d677df]" name="clearPOMObjects" is-config="true" duration-ms="1" started-at="2022-05-23T09:20:44 IST" finished-at="2022-05-23T09:20:44 IST">
          <reporter-output>
          </reporter-output>
        </test-method> <!-- clearPOMObjects -->
        <test-method status="PASS" signature="closedBrowser()[pri:0, instance:tests.VerifytheApplicationHeader@17d677df]" name="closedBrowser" is-config="true" duration-ms="3179" started-at="2022-05-23T09:21:04 IST" finished-at="2022-05-23T09:21:07 IST">
          <reporter-output>
          </reporter-output>
        </test-method> <!-- closedBrowser -->
      </class> <!-- tests.VerifytheApplicationHeader -->
      <class name="tests.TestClass2">
        <test-method status="PASS" signature="launchBrowser(java.lang.String)[pri:0, instance:tests.TestClass2@3043fe0e]" name="launchBrowser" is-config="true" duration-ms="10410" started-at="2022-05-23T09:20:12 IST" finished-at="2022-05-23T09:20:22 IST">
          <params>
            <param index="0">
              <value>
                <![CDATA[FirefoxBrowser]]>
              </value>
            </param>
          </params>
          <reporter-output>
          </reporter-output>
        </test-method> <!-- launchBrowser -->
        <test-method status="PASS" signature="launchBrowser()[pri:0, instance:tests.TestClass2@3043fe0e]" name="launchBrowser" is-config="true" duration-ms="2" started-at="2022-05-23T09:20:44 IST" finished-at="2022-05-23T09:20:44 IST">
          <reporter-output>
          </reporter-output>
        </test-method> <!-- launchBrowser -->
        <test-method status="PASS" signature="loginToApplication()[pri:0, instance:tests.TestClass2@3043fe0e]" name="loginToApplication" is-config="true" duration-ms="4901" started-at="2022-05-23T09:20:44 IST" finished-at="2022-05-23T09:20:49 IST">
          <reporter-output>
          </reporter-output>
        </test-method> <!-- loginToApplication -->
        <test-method status="PASS" signature="verifyReportTab()[pri:0, instance:tests.TestClass2@3043fe0e]" name="verifyReportTab" duration-ms="1790" started-at="2022-05-23T09:20:49 IST" finished-at="2022-05-23T09:20:51 IST">
          <reporter-output>
          </reporter-output>
        </test-method> <!-- verifyReportTab -->
        <test-method status="PASS" signature="logoutFromApplication()[pri:0, instance:tests.TestClass2@3043fe0e]" name="logoutFromApplication" is-config="true" duration-ms="287" started-at="2022-05-23T09:20:51 IST" finished-at="2022-05-23T09:20:51 IST">
          <reporter-output>
          </reporter-output>
        </test-method> <!-- logoutFromApplication -->
        <test-method status="PASS" signature="loginToApplication()[pri:0, instance:tests.TestClass2@3043fe0e]" name="loginToApplication" is-config="true" duration-ms="4339" started-at="2022-05-23T09:20:51 IST" finished-at="2022-05-23T09:20:56 IST">
          <reporter-output>
          </reporter-output>
        </test-method> <!-- loginToApplication -->
        <test-method status="FAIL" signature="verifyTaskTab()[pri:0, instance:tests.TestClass2@3043fe0e]" name="verifyTaskTab" duration-ms="3547" started-at="2022-05-23T09:20:56 IST" finished-at="2022-05-23T09:20:59 IST">
          <exception class="org.junit.ComparisonFailure">
            <message>
              <![CDATA[http://desktop-b2220qc/tasks/otasklist.do expected:<[http://desktop-b2220qc/tasks/otasklist.do]> but was:<[task link is not working]>]]>
            </message>
            <full-stacktrace>
              <![CDATA[org.junit.ComparisonFailure: http://desktop-b2220qc/tasks/otasklist.do expected:<[http://desktop-b2220qc/tasks/otasklist.do]> but was:<[task link is not working]>
at org.junit.Assert.assertEquals(Assert.java:115)
at tests.TestClass2.verifyTaskTab(TestClass2.java:78)
at sun.reflect.NativeMethodAccessorImpl.invoke0(Native Method)
at sun.reflect.NativeMethodAccessorImpl.invoke(Unknown Source)
at sun.reflect.DelegatingMethodAccessorImpl.invoke(Unknown Source)
at java.lang.reflect.Method.invoke(Unknown Source)
at org.testng.internal.MethodInvocationHelper.invokeMethod(MethodInvocationHelper.java:132)
at org.testng.internal.TestInvoker.invokeMethod(TestInvoker.java:599)
at org.testng.internal.TestInvoker.invokeTestMethod(TestInvoker.java:174)
at org.testng.internal.MethodRunner.runInSequence(MethodRunner.java:46)
at org.testng.internal.TestInvoker$MethodInvocationAgent.invoke(TestInvoker.java:822)
at org.testng.internal.TestInvoker.invokeTestMethods(TestInvoker.java:147)
at org.testng.internal.TestMethodWorker.invokeTestMethods(TestMethodWorker.java:146)
at org.testng.internal.TestMethodWorker.run(TestMethodWorker.java:128)
at java.util.ArrayList.forEach(Unknown Source)
at org.testng.TestRunner.privateRun(TestRunner.java:764)
at org.testng.TestRunner.run(TestRunner.java:585)
at org.testng.SuiteRunner.runTest(SuiteRunner.java:384)
at org.testng.SuiteRunner.runSequentially(SuiteRunner.java:378)
at org.testng.SuiteRunner.privateRun(SuiteRunner.java:337)
at org.testng.SuiteRunner.run(SuiteRunner.java:286)
at org.testng.SuiteRunnerWorker.runSuite(SuiteRunnerWorker.java:53)
at org.testng.SuiteRunnerWorker.run(SuiteRunnerWorker.java:96)
at org.testng.TestNG.runSuitesSequentially(TestNG.java:1218)
at org.testng.TestNG.runSuitesLocally(TestNG.java:1140)
at org.testng.TestNG.runSuites(TestNG.java:1069)
at org.testng.TestNG.run(TestNG.java:1037)
at org.testng.remote.AbstractRemoteTestNG.run(AbstractRemoteTestNG.java:115)
at org.testng.remote.RemoteTestNG.initAndRun(RemoteTestNG.java:251)
at org.testng.remote.RemoteTestNG.main(RemoteTestNG.java:77)
]]>
            </full-stacktrace>
          </exception> <!-- org.junit.ComparisonFailure -->
          <reporter-output>
          </reporter-output>
        </test-method> <!-- verifyTaskTab -->
        <test-method status="PASS" signature="logoutFromApplication()[pri:0, instance:tests.TestClass2@3043fe0e]" name="logoutFromApplication" is-config="true" duration-ms="1799" started-at="2022-05-23T09:20:59 IST" finished-at="2022-05-23T09:21:01 IST">
          <reporter-output>
          </reporter-output>
        </test-method> <!-- logoutFromApplication -->
        <test-method status="PASS" signature="clearPOMObjects()[pri:0, instance:tests.TestClass2@3043fe0e]" name="clearPOMObjects" is-config="true" duration-ms="1" started-at="2022-05-23T09:21:01 IST" finished-at="2022-05-23T09:21:01 IST">
          <reporter-output>
          </reporter-output>
        </test-method> <!-- clearPOMObjects -->
        <test-method status="PASS" signature="closedBrowser()[pri:0, instance:tests.TestClass2@3043fe0e]" name="closedBrowser" is-config="true" duration-ms="2697" started-at="2022-05-23T09:21:01 IST" finished-at="2022-05-23T09:21:04 IST">
          <reporter-output>
          </reporter-output>
        </test-method> <!-- closedBrowser -->
      </class> <!-- tests.TestClass2 -->
    </test> <!-- FirefoxBrowser -->
  </suite> <!-- Suite-FlipKart -->
</testng-results>
