<?xml version="1.0" encoding="UTF-8"?>
<!-- Generated by org.testng.reporters.JUnitXMLReporter -->
<testsuite hostname="DESKTOP-B2220QC" ignored="0" name="ChromeTest" tests="4" failures="0" timestamp="2022-05-21T10:12:05 IST" time="0.205" errors="0">
  <testcase name="testA" time="0.02" classname="tests.TestClass"/>
  <testcase name="testB" time="0.006" classname="tests.TestClass"/>
  <testcase name="testA" time="0.006" classname="tests.TestClass2"/>
  <testcase name="testB" time="0.003" classname="tests.TestClass2"/>
</testsuite> <!-- ChromeTest -->
