<?xml version="1.0" encoding="UTF-8"?>
<!-- Generated by org.testng.reporters.JUnitXMLReporter -->
<testsuite hostname="DESKTOP-B2220QC" ignored="0" name="ChromeBrowser" tests="4" failures="1" timestamp="2022-05-23T09:20:12 IST" time="50.364" errors="0">
  <testcase name="verifyReportTab" time="3.784" classname="tests.VerifytheApplicationHeader"/>
  <testcase name="verifyTaskTab" time="4.476" classname="tests.VerifytheApplicationHeader"/>
  <testcase name="verifyReportTab" time="3.914" classname="tests.TestClass2"/>
  <testcase name="verifyTaskTab" time="6.088" classname="tests.TestClass2">
    <failure type="org.junit.ComparisonFailure" message="http://desktop-b2220qc/tasks/otasklist.do expected:&amp;lt;[http://desktop-b2220qc/tasks/otasklist.do]&amp;gt; but was:&amp;lt;[task link is not working]&amp;gt;">
      <![CDATA[org.junit.ComparisonFailure: http://desktop-b2220qc/tasks/otasklist.do expected:<[http://desktop-b2220qc/tasks/otasklist.do]> but was:<[task link is not working]>
at org.junit.Assert.assertEquals(Assert.java:115)
at tests.TestClass2.verifyTaskTab(TestClass2.java:78)
at java.util.ArrayList.forEach(Unknown Source)
... Removed 27 stack frames]]>
    </failure>
  </testcase> <!-- verifyTaskTab -->
</testsuite> <!-- ChromeBrowser -->
