<?xml version="1.0" encoding="UTF-8"?>
<!-- Generated by org.testng.reporters.JUnitXMLReporter -->
<testsuite hostname="DESKTOP-B2220QC" ignored="0" name="FirefoxBrowser" tests="4" failures="1" timestamp="2022-05-23T09:21:07 IST" time="55.257" errors="0">
  <testcase name="verifyReportTab" time="1.364" classname="tests.VerifytheApplicationHeader"/>
  <testcase name="verifyTaskTab" time="2.293" classname="tests.VerifytheApplicationHeader"/>
  <testcase name="verifyReportTab" time="1.79" classname="tests.TestClass2"/>
  <testcase name="verifyTaskTab" time="3.547" classname="tests.TestClass2">
    <failure type="org.junit.ComparisonFailure" message="http://desktop-b2220qc/tasks/otasklist.do expected:&amp;lt;[http://desktop-b2220qc/tasks/otasklist.do]&amp;gt; but was:&amp;lt;[task link is not working]&amp;gt;">
      <![CDATA[org.junit.ComparisonFailure: http://desktop-b2220qc/tasks/otasklist.do expected:<[http://desktop-b2220qc/tasks/otasklist.do]> but was:<[task link is not working]>
at org.junit.Assert.assertEquals(Assert.java:115)
at tests.TestClass2.verifyTaskTab(TestClass2.java:78)
at java.util.ArrayList.forEach(Unknown Source)
... Removed 27 stack frames]]>
    </failure>
  </testcase> <!-- verifyTaskTab -->
</testsuite> <!-- FirefoxBrowser -->
