<?xml version="1.0" encoding="UTF-8"?>
<!-- Generated by org.testng.reporters.JUnitXMLReporter -->
<testsuite hostname="DESKTOP-B2220QC" ignored="0" name="Test" tests="4" failures="0" timestamp="2022-05-21T09:53:28 IST" time="0.195" errors="0">
  <testcase name="testA" time="0.022" classname="tests.TestClass"/>
  <testcase name="testB" time="0.003" classname="tests.TestClass"/>
  <testcase name="testA" time="0.002" classname="tests.TestClass2"/>
  <testcase name="testB" time="0.004" classname="tests.TestClass2"/>
</testsuite> <!-- Test -->
